{"uuid":"181444cc-f304-4a4c-90d7-90e97c95e43f","historyId":"758a37779147294d81e86043c4ec4803","fullName":"tests.e2e.CreateUserTest.testMethod","labels":[{"name":"package","value":"tests.e2e.CreateUserTest"},{"name":"testClass","value":"tests.e2e.CreateUserTest"},{"name":"testMethod","value":"testMethod"},{"name":"parentSuite","value":"Default Suite"},{"name":"suite","value":"ToolsQAFramework"},{"name":"subSuite","value":"tests.e2e.CreateUserTest"},{"name":"host","value":"DESKTOP-53A6GVK"},{"name":"thread","value":"12084@DESKTOP-53A6GVK.main(1)"},{"name":"framework","value":"testng"},{"name":"language","value":"java"},{"name":"feature","value":"FeatureE2E"}],"links":[],"name":"testMethod","status":"broken","statusDetails":{"known":false,"muted":false,"flaky":false,"message":"Failed to load JSON file: src/main/resources/log4j2.xml","trace":"java.lang.RuntimeException: Failed to load JSON file: src/main/resources/log4j2.xml\r\n\tat modelObject.backend.request.RequestCreateUser.<init>(RequestCreateUser.java:21)\r\n\tat tests.e2e.CreateUserTest.testMethod(CreateUserTest.java:17)\r\n\tat java.base/jdk.internal.reflect.NativeMethodAccessorImpl.invoke0(Native Method)\r\n\tat java.base/jdk.internal.reflect.NativeMethodAccessorImpl.invoke(NativeMethodAccessorImpl.java:77)\r\n\tat java.base/jdk.internal.reflect.DelegatingMethodAccessorImpl.invoke(DelegatingMethodAccessorImpl.java:43)\r\n\tat java.base/java.lang.reflect.Method.invoke(Method.java:569)\r\n\tat org.testng.internal.invokers.MethodInvocationHelper.invokeMethod(MethodInvocationHelper.java:141)\r\n\tat org.testng.internal.invokers.TestInvoker.invokeMethod(TestInvoker.java:686)\r\n\tat org.testng.internal.invokers.TestInvoker.invokeTestMethod(TestInvoker.java:230)\r\n\tat org.testng.internal.invokers.MethodRunner.runInSequence(MethodRunner.java:63)\r\n\tat org.testng.internal.invokers.TestInvoker$MethodInvocationAgent.invoke(TestInvoker.java:992)\r\n\tat org.testng.internal.invokers.TestInvoker.invokeTestMethods(TestInvoker.java:203)\r\n\tat org.testng.internal.invokers.TestMethodWorker.invokeTestMethods(TestMethodWorker.java:154)\r\n\tat org.testng.internal.invokers.TestMethodWorker.run(TestMethodWorker.java:134)\r\n\tat java.base/java.util.ArrayList.forEach(ArrayList.java:1511)\r\n\tat org.testng.TestRunner.privateRun(TestRunner.java:739)\r\n\tat org.testng.TestRunner.run(TestRunner.java:614)\r\n\tat org.testng.SuiteRunner.runTest(SuiteRunner.java:421)\r\n\tat org.testng.SuiteRunner.runSequentially(SuiteRunner.java:413)\r\n\tat org.testng.SuiteRunner.privateRun(SuiteRunner.java:373)\r\n\tat org.testng.SuiteRunner.run(SuiteRunner.java:312)\r\n\tat org.testng.SuiteRunnerWorker.runSuite(SuiteRunnerWorker.java:52)\r\n\tat org.testng.SuiteRunnerWorker.run(SuiteRunnerWorker.java:95)\r\n\tat org.testng.TestNG.runSuitesSequentially(TestNG.java:1274)\r\n\tat org.testng.TestNG.runSuitesLocally(TestNG.java:1208)\r\n\tat org.testng.TestNG.runSuites(TestNG.java:1112)\r\n\tat org.testng.TestNG.run(TestNG.java:1079)\r\n\tat com.intellij.rt.testng.IDEARemoteTestNG.run(IDEARemoteTestNG.java:65)\r\n\tat com.intellij.rt.testng.RemoteTestNGStarter.main(RemoteTestNGStarter.java:105)\r\nCaused by: com.fasterxml.jackson.core.JsonParseException: Unexpected character ('<' (code 60)): expected a valid value (JSON String, Number, Array, Object or token 'null', 'true' or 'false')\n at [Source: REDACTED (`StreamReadFeature.INCLUDE_SOURCE_IN_LOCATION` disabled); line: 1, column: 1]\r\n\tat com.fasterxml.jackson.core.JsonParser._constructReadException(JsonParser.java:2660)\r\n\tat com.fasterxml.jackson.core.base.ParserMinimalBase._reportUnexpectedChar(ParserMinimalBase.java:741)\r\n\tat com.fasterxml.jackson.core.json.UTF8StreamJsonParser._handleUnexpectedValue(UTF8StreamJsonParser.java:2752)\r\n\tat com.fasterxml.jackson.core.json.UTF8StreamJsonParser._nextTokenNotInObject(UTF8StreamJsonParser.java:867)\r\n\tat com.fasterxml.jackson.core.json.UTF8StreamJsonParser.nextToken(UTF8StreamJsonParser.java:753)\r\n\tat com.fasterxml.jackson.databind.ObjectReader._initForReading(ObjectReader.java:357)\r\n\tat com.fasterxml.jackson.databind.ObjectReader._bindAndClose(ObjectReader.java:2118)\r\n\tat com.fasterxml.jackson.databind.ObjectReader.readValue(ObjectReader.java:1673)\r\n\tat modelObject.backend.request.RequestCreateUser.<init>(RequestCreateUser.java:19)\r\n\t... 28 more\r\n"},"stage":"finished","steps":[],"attachments":[],"parameters":[],"start":1746988707351,"stop":1746988707556}