{"uuid":"928b0982-1f28-4eba-be10-878943bb11e9","historyId":"758a37779147294d81e86043c4ec4803","fullName":"tests.e2e.CreateUserTest.testMethod","labels":[{"name":"package","value":"tests.e2e.CreateUserTest"},{"name":"testClass","value":"tests.e2e.CreateUserTest"},{"name":"testMethod","value":"testMethod"},{"name":"parentSuite","value":"Default Suite"},{"name":"suite","value":"ToolsQAFramework"},{"name":"subSuite","value":"tests.e2e.CreateUserTest"},{"name":"host","value":"DESKTOP-53A6GVK"},{"name":"thread","value":"19152@DESKTOP-53A6GVK.main(1)"},{"name":"framework","value":"testng"},{"name":"language","value":"java"},{"name":"feature","value":"FeatureE2E"}],"links":[],"name":"testMethod","status":"broken","statusDetails":{"known":false,"muted":false,"flaky":false,"message":"Failed to load JSON file: src/test/resources/testData/CreateUserData.json","trace":"java.lang.RuntimeException: Failed to load JSON file: src/test/resources/testData/CreateUserData.json\r\n\tat modelObject.backend.request.RequestCreateUser.<init>(RequestCreateUser.java:21)\r\n\tat tests.e2e.CreateUserTest.testMethod(CreateUserTest.java:17)\r\n\tat java.base/jdk.internal.reflect.NativeMethodAccessorImpl.invoke0(Native Method)\r\n\tat java.base/jdk.internal.reflect.NativeMethodAccessorImpl.invoke(NativeMethodAccessorImpl.java:77)\r\n\tat java.base/jdk.internal.reflect.DelegatingMethodAccessorImpl.invoke(DelegatingMethodAccessorImpl.java:43)\r\n\tat java.base/java.lang.reflect.Method.invoke(Method.java:569)\r\n\tat org.testng.internal.invokers.MethodInvocationHelper.invokeMethod(MethodInvocationHelper.java:141)\r\n\tat org.testng.internal.invokers.TestInvoker.invokeMethod(TestInvoker.java:686)\r\n\tat org.testng.internal.invokers.TestInvoker.invokeTestMethod(TestInvoker.java:230)\r\n\tat org.testng.internal.invokers.MethodRunner.runInSequence(MethodRunner.java:63)\r\n\tat org.testng.internal.invokers.TestInvoker$MethodInvocationAgent.invoke(TestInvoker.java:992)\r\n\tat org.testng.internal.invokers.TestInvoker.invokeTestMethods(TestInvoker.java:203)\r\n\tat org.testng.internal.invokers.TestMethodWorker.invokeTestMethods(TestMethodWorker.java:154)\r\n\tat org.testng.internal.invokers.TestMethodWorker.run(TestMethodWorker.java:134)\r\n\tat java.base/java.util.ArrayList.forEach(ArrayList.java:1511)\r\n\tat org.testng.TestRunner.privateRun(TestRunner.java:739)\r\n\tat org.testng.TestRunner.run(TestRunner.java:614)\r\n\tat org.testng.SuiteRunner.runTest(SuiteRunner.java:421)\r\n\tat org.testng.SuiteRunner.runSequentially(SuiteRunner.java:413)\r\n\tat org.testng.SuiteRunner.privateRun(SuiteRunner.java:373)\r\n\tat org.testng.SuiteRunner.run(SuiteRunner.java:312)\r\n\tat org.testng.SuiteRunnerWorker.runSuite(SuiteRunnerWorker.java:52)\r\n\tat org.testng.SuiteRunnerWorker.run(SuiteRunnerWorker.java:95)\r\n\tat org.testng.TestNG.runSuitesSequentially(TestNG.java:1274)\r\n\tat org.testng.TestNG.runSuitesLocally(TestNG.java:1208)\r\n\tat org.testng.TestNG.runSuites(TestNG.java:1112)\r\n\tat org.testng.TestNG.run(TestNG.java:1079)\r\n\tat com.intellij.rt.testng.IDEARemoteTestNG.run(IDEARemoteTestNG.java:65)\r\n\tat com.intellij.rt.testng.RemoteTestNGStarter.main(RemoteTestNGStarter.java:105)\r\nCaused by: java.io.FileNotFoundException: src\\test\\resources\\testData\\CreateUserData.json (The system cannot find the path specified)\r\n\tat java.base/java.io.FileInputStream.open0(Native Method)\r\n\tat java.base/java.io.FileInputStream.open(FileInputStream.java:216)\r\n\tat java.base/java.io.FileInputStream.<init>(FileInputStream.java:157)\r\n\tat com.fasterxml.jackson.core.TokenStreamFactory._fileInputStream(TokenStreamFactory.java:318)\r\n\tat com.fasterxml.jackson.core.JsonFactory.createParser(JsonFactory.java:1219)\r\n\tat com.fasterxml.jackson.databind.ObjectReader.createParser(ObjectReader.java:1097)\r\n\tat com.fasterxml.jackson.databind.ObjectReader.readValue(ObjectReader.java:1673)\r\n\tat modelObject.backend.request.RequestCreateUser.<init>(RequestCreateUser.java:19)\r\n\t... 28 more\r\n"},"stage":"finished","steps":[],"attachments":[],"parameters":[],"start":1746988575216,"stop":1746988575410}